<?xml version="1.0" encoding="UTF-8"?>
<!-- Generated by org.testng.reporters.JUnitXMLReporter -->
<testsuite ignored="10" hostname="LAPTOP-1U4C2J1L" failures="1" tests="2" name="AllTestCases_Test(failed)" time="10.488" errors="0" timestamp="2024-06-13T19:19:13 IST">
  <testcase classname="testCases.Inventory_Page_Test" name="verifyInventoryPageTitle" time="0.713">
    <failure type="java.lang.AssertionError" message="expected [Products] but found [4]">
      <![CDATA[java.lang.AssertionError: expected [Products] but found [4]
at testCases.Inventory_Page_Test.verifyInventoryPageTitle(Inventory_Page_Test.java:89)
at java.base/java.util.ArrayList.forEach(ArrayList.java:1511)
... Removed 33 stack frames]]>
    </failure>
  </testcase> <!-- verifyInventoryPageTitle -->
  <testcase classname="testCases.LoginPage_Test" name="verifyOfTitleApplicationTest" time="0.069"/>
  <testcase classname="testCases.Inventory_Page_Test" name="verifyTwitterlogo" time="0.0">
    <ignored/>
  </testcase> <!-- verifyTwitterlogo -->
  <testcase classname="testCases.Inventory_Page_Test" name="add6Products" time="0.0">
    <ignored/>
  </testcase> <!-- add6Products -->
  <testcase classname="testCases.Inventory_Page_Test" name="removeproduct" time="0.0">
    <ignored/>
  </testcase> <!-- removeproduct -->
  <testcase classname="testCases.LoginPage_Test" name="verifyOfURLApplicationTest" time="0.0">
    <ignored/>
  </testcase> <!-- verifyOfURLApplicationTest -->
  <testcase classname="testCases.Inventory_Page_Test" name="verifyBurgermenu" time="0.0">
    <ignored/>
  </testcase> <!-- verifyBurgermenu -->
  <testcase classname="testCases.Inventory_Page_Test" name="verifyLinkdinlogo" time="0.0">
    <ignored/>
  </testcase> <!-- verifyLinkdinlogo -->
  <testcase classname="testCases.Inventory_Page_Test" name="verifyFacebooklogo" time="0.0">
    <ignored/>
  </testcase> <!-- verifyFacebooklogo -->
  <testcase classname="testCases.Inventory_Page_Test" name="Footertext" time="0.0">
    <ignored/>
  </testcase> <!-- Footertext -->
  <testcase classname="testCases.LoginPage_Test" name="logintoApplicationTest" time="0.0">
    <ignored/>
  </testcase> <!-- logintoApplicationTest -->
  <testcase classname="testCases.Inventory_Page_Test" name="verifySwagLabName" time="0.0">
    <ignored/>
  </testcase> <!-- verifySwagLabName -->
</testsuite> <!-- AllTestCases_Test(failed) -->
