<?xml version="1.0" encoding="UTF-8"?>
<!-- Generated by org.testng.reporters.JUnitXMLReporter -->
<testsuite ignored="0" hostname="LAPTOP-1U4C2J1L" failures="1" tests="62" name="AllTestCases_Test" time="305.097" errors="0" timestamp="2024-06-13T19:54:03 IST">
  <testcase classname="testCases.CartPage_Test" name="ContinueShoppingCartTest" time="0.083"/>
  <testcase classname="testCases.CartPage_Test" name="DescriptionCartTest" time="0.032"/>
  <testcase classname="testCases.CartPage_Test" name="QuantityCartTest" time="0.032"/>
  <testcase classname="testCases.CartPage_Test" name="clickonCheckOnBtnTest" time="0.078"/>
  <testcase classname="testCases.CartPage_Test" name="verifyApplogonameTest" time="0.029"/>
  <testcase classname="testCases.CartPage_Test" name="verifyFacebooklogoTest" time="0.04"/>
  <testcase classname="testCases.CartPage_Test" name="verifyLinkdinlogoTest" time="0.037"/>
  <testcase classname="testCases.CartPage_Test" name="verifyTitleOfYourCartTest" time="0.031"/>
  <testcase classname="testCases.CartPage_Test" name="verifyTwitterlogoTest" time="0.033"/>
  <testcase classname="testCases.CartPage_Test" name="verifycartUrlTest" time="0.011"/>
  <testcase classname="testCases.LoginPage_Test" name="logintoApplicationTest" time="1.14"/>
  <testcase classname="testCases.LoginPage_Test" name="verifyOfTitleApplicationTest" time="0.011"/>
  <testcase classname="testCases.LoginPage_Test" name="verifyOfURLApplicationTest" time="0.048"/>
  <testcase classname="testCases.CheckOut_StepOne_Page_Test" name="Footertext" time="0.024"/>
  <testcase classname="testCases.CheckOut_StepOne_Page_Test" name="InputInformation" time="0.376"/>
  <testcase classname="testCases.CheckOut_StepOne_Page_Test" name="verifyApplogonameTest" time="0.023"/>
  <testcase classname="testCases.CheckOut_StepOne_Page_Test" name="verifyCancleBtn" time="0.081"/>
  <testcase classname="testCases.CheckOut_StepOne_Page_Test" name="verifyFacebooklogo" time="0.03"/>
  <testcase classname="testCases.CheckOut_StepOne_Page_Test" name="verifyLinkdinlogo" time="0.034"/>
  <testcase classname="testCases.CheckOut_StepOne_Page_Test" name="verifyOpenMenu" time="0.034"/>
  <testcase classname="testCases.CheckOut_StepOne_Page_Test" name="verifyTwitterlogo" time="0.035"/>
  <testcase classname="testCases.CheckOut_StepTwo_Page_Test" name="CancleBtn" time="0.068"/>
  <testcase classname="testCases.CheckOut_StepTwo_Page_Test" name="CheckOutOverview" time="0.025"/>
  <testcase classname="testCases.CheckOut_StepTwo_Page_Test" name="Footertext" time="0.027"/>
  <testcase classname="testCases.CheckOut_StepTwo_Page_Test" name="clickonFinishBtn" time="0.089"/>
  <testcase classname="testCases.CheckOut_StepTwo_Page_Test" name="verifyApplogoname1" time="0.027"/>
  <testcase classname="testCases.CheckOut_StepTwo_Page_Test" name="verifyBackpackText" time="0.031"/>
  <testcase classname="testCases.CheckOut_StepTwo_Page_Test" name="verifyDescriptionCart" time="0.022"/>
  <testcase classname="testCases.CheckOut_StepTwo_Page_Test" name="verifyExpressDelivery" time="0.022"/>
  <testcase classname="testCases.CheckOut_StepTwo_Page_Test" name="verifyFacebooklogo" time="0.033"/>
  <testcase classname="testCases.CheckOut_StepTwo_Page_Test" name="verifyLinkdinlogo" time="0.029"/>
  <testcase classname="testCases.CheckOut_StepTwo_Page_Test" name="verifyPaymentInfo" time="0.031"/>
  <testcase classname="testCases.CheckOut_StepTwo_Page_Test" name="verifyPricetotal" time="0.022"/>
  <testcase classname="testCases.CheckOut_StepTwo_Page_Test" name="verifyProdBackpack" time="0.02"/>
  <testcase classname="testCases.CheckOut_StepTwo_Page_Test" name="verifyProdBikeLight" time="0.023"/>
  <testcase classname="testCases.CheckOut_StepTwo_Page_Test" name="verifyQuantityCart" time="0.024"/>
  <testcase classname="testCases.CheckOut_StepTwo_Page_Test" name="verifySauceCard" time="0.024"/>
  <testcase classname="testCases.CheckOut_StepTwo_Page_Test" name="verifyShippingInfo" time="0.023"/>
  <testcase classname="testCases.CheckOut_StepTwo_Page_Test" name="verifySubtotalLabel" time="0.021"/>
  <testcase classname="testCases.CheckOut_StepTwo_Page_Test" name="verifyTaxLabel" time="0.026"/>
  <testcase classname="testCases.CheckOut_StepTwo_Page_Test" name="verifyTotalLabel" time="0.024"/>
  <testcase classname="testCases.CheckOut_StepTwo_Page_Test" name="verifyTwitterlogo" time="0.032"/>
  <testcase classname="testCases.CheckOut_StepTwo_Page_Test" name="verifystepTwoUrlTest" time="0.007"/>
  <testcase classname="testCases.CheckOut_Complete_Test" name="Applogoname" time="0.032"/>
  <testcase classname="testCases.CheckOut_Complete_Test" name="CheckOutCompleteTitle" time="0.023"/>
  <testcase classname="testCases.CheckOut_Complete_Test" name="Footertext" time="0.029"/>
  <testcase classname="testCases.CheckOut_Complete_Test" name="verifyBackHomeBtn" time="0.083"/>
  <testcase classname="testCases.CheckOut_Complete_Test" name="verifyCompletePageURLName" time="0.012"/>
  <testcase classname="testCases.CheckOut_Complete_Test" name="verifyDispatchText" time="0.029"/>
  <testcase classname="testCases.CheckOut_Complete_Test" name="verifyFacebooklogo" time="0.032"/>
  <testcase classname="testCases.CheckOut_Complete_Test" name="verifyLinkdinlogo" time="0.037"/>
  <testcase classname="testCases.CheckOut_Complete_Test" name="verifyThankYouText1" time="0.027"/>
  <testcase classname="testCases.CheckOut_Complete_Test" name="verifyTwitterlogo" time="0.032"/>
  <testcase classname="testCases.Inventory_Page_Test" name="Footertext" time="0.036"/>
  <testcase classname="testCases.Inventory_Page_Test" name="add6Products" time="0.474"/>
  <testcase classname="testCases.Inventory_Page_Test" name="removeproduct" time="0.584"/>
  <testcase classname="testCases.Inventory_Page_Test" name="verifyBurgermenu" time="0.039"/>
  <testcase classname="testCases.Inventory_Page_Test" name="verifyFacebooklogo" time="0.041"/>
  <testcase classname="testCases.Inventory_Page_Test" name="verifyInventoryPageTitle" time="0.083">
    <failure type="java.lang.AssertionError" message="expected [Products] but found [4]">
      <![CDATA[java.lang.AssertionError: expected [Products] but found [4]
at testCases.Inventory_Page_Test.verifyInventoryPageTitle(Inventory_Page_Test.java:89)
at java.base/java.util.ArrayList.forEach(ArrayList.java:1511)
... Removed 33 stack frames]]>
    </failure>
  </testcase> <!-- verifyInventoryPageTitle -->
  <testcase classname="testCases.Inventory_Page_Test" name="verifyLinkdinlogo" time="0.041"/>
  <testcase classname="testCases.Inventory_Page_Test" name="verifySwagLabName" time="0.038"/>
  <testcase classname="testCases.Inventory_Page_Test" name="verifyTwitterlogo" time="0.042"/>
</testsuite> <!-- AllTestCases_Test -->
